[INFO] 29-07-2024 09:32:43 [main] [LogUtils] - Open URL: https://hrm.anhtester.com/
[INFO] 29-07-2024 09:32:50 [main] [LogUtils] - Open URL: https://cms.anhtester.com/login
[INFO] 29-07-2024 09:32:54 [main] [LogUtils] - Open URL: https://cms.anhtester.com/login
[INFO] 29-07-2024 09:32:57 [main] [LogUtils] - Open URL: https://cms.anhtester.com/login
[INFO] 29-07-2024 09:33:30 [main] [LogUtils] - Open URL: https://hrm.anhtester.com/
[INFO] 29-07-2024 09:33:36 [main] [LogUtils] - Open URL: https://cms.anhtester.com/login
[INFO] 29-07-2024 09:33:39 [main] [LogUtils] - Open URL: https://cms.anhtester.com/login
[INFO] 29-07-2024 09:33:41 [main] [LogUtils] - Open URL: https://cms.anhtester.com/login
[INFO] 29-07-2024 09:44:19 [main] [LogUtils] - Open URL: https://cms.anhtester.com/login
[INFO] 29-07-2024 09:44:24 [main] [LogUtils] - Open URL: https://cms.anhtester.com/login
[INFO] 29-07-2024 09:44:26 [main] [LogUtils] - Open URL: https://cms.anhtester.com/login
[INFO] 29-07-2024 09:44:28 [main] [LogUtils] - Open URL: https://cms.anhtester.com/login
[INFO] 29-07-2024 09:44:30 [main] [LogUtils] - Open URL: https://cms.anhtester.com/login
[INFO] 29-07-2024 09:44:33 [main] [LogUtils] - Open URL: https://cms.anhtester.com/login
[INFO] 29-07-2024 09:45:02 [main] [LogUtils] - Open URL: https://cms.anhtester.com/login
[INFO] 29-07-2024 09:45:10 [main] [LogUtils] - Open URL: https://cms.anhtester.com/login
[INFO] 29-07-2024 09:45:17 [main] [LogUtils] - Open URL: https://cms.anhtester.com/login
[INFO] 29-07-2024 09:45:25 [main] [LogUtils] - Open URL: https://cms.anhtester.com/login
[INFO] 29-07-2024 09:45:32 [main] [LogUtils] - Open URL: https://cms.anhtester.com/login
[INFO] 29-07-2024 09:45:38 [main] [LogUtils] - Open URL: https://cms.anhtester.com/login
[INFO] 29-07-2024 10:02:35 [main] [LogUtils] - Successful login
[INFO] 29-07-2024 10:02:37 [main] [LogUtils] - Open URL: https://hrm.anhtester.com/
[INFO] 29-07-2024 10:02:37 [main] [LogUtils] - Successful login
[INFO] 29-07-2024 10:02:37 [main] [LogUtils] - Successful login
[INFO] 29-07-2024 10:02:37 [main] [LogUtils] - Successful login
[INFO] 29-07-2024 10:02:38 [main] [LogUtils] - Successful login
[INFO] 29-07-2024 10:02:42 [main] [LogUtils] - Login success
[INFO] 29-07-2024 10:02:42 [main] [LogUtils] - Open URL: https://cms.anhtester.com/login
[INFO] 29-07-2024 10:02:42 [main] [LogUtils] - Login success
[INFO] 29-07-2024 10:02:43 [main] [LogUtils] - Login success
[INFO] 29-07-2024 10:02:44 [main] [LogUtils] - Login success
[INFO] 29-07-2024 10:02:45 [main] [LogUtils] - Login success
[INFO] 29-07-2024 10:02:46 [main] [LogUtils] - Open URL: https://cms.anhtester.com/login
[INFO] 29-07-2024 10:02:46 [main] [LogUtils] - Login success
[INFO] 29-07-2024 10:02:46 [main] [LogUtils] - Login success
[INFO] 29-07-2024 10:02:46 [main] [LogUtils] - Login success
[INFO] 29-07-2024 10:02:47 [main] [LogUtils] - Login success
[INFO] 29-07-2024 10:02:48 [main] [LogUtils] - Open URL: https://cms.anhtester.com/login
[INFO] 29-07-2024 10:02:48 [main] [LogUtils] - Login success
[INFO] 29-07-2024 10:02:48 [main] [LogUtils] - Login success
[INFO] 29-07-2024 10:02:48 [main] [LogUtils] - Login success
[INFO] 29-07-2024 10:04:25 [main] [LogUtils] - Successful login
[INFO] 29-07-2024 10:04:26 [main] [LogUtils] - Open URL: https://hrm.anhtester.com/
[INFO] 29-07-2024 10:04:26 [main] [LogUtils] - Successful login
[INFO] 29-07-2024 10:04:26 [main] [LogUtils] - Successful login
[INFO] 29-07-2024 10:04:26 [main] [LogUtils] - Successful login
[INFO] 29-07-2024 10:04:27 [main] [LogUtils] - Successful login
[INFO] 29-07-2024 10:04:31 [main] [LogUtils] - Login success
[INFO] 29-07-2024 10:04:32 [main] [LogUtils] - Open URL: https://cms.anhtester.com/login
[INFO] 29-07-2024 10:04:32 [main] [LogUtils] - Login success
[INFO] 29-07-2024 10:04:32 [main] [LogUtils] - Login success
[INFO] 29-07-2024 10:04:33 [main] [LogUtils] - Login success
[INFO] 29-07-2024 10:04:34 [main] [LogUtils] - Login success
[INFO] 29-07-2024 10:04:35 [main] [LogUtils] - Open URL: https://cms.anhtester.com/login
[INFO] 29-07-2024 10:04:35 [main] [LogUtils] - Login success
[INFO] 29-07-2024 10:04:35 [main] [LogUtils] - Login success
[INFO] 29-07-2024 10:04:36 [main] [LogUtils] - Login success
[INFO] 29-07-2024 10:04:37 [main] [LogUtils] - Login success
[INFO] 29-07-2024 10:04:38 [main] [LogUtils] - Open URL: https://cms.anhtester.com/login
[INFO] 29-07-2024 10:04:38 [main] [LogUtils] - Login success
[INFO] 29-07-2024 10:04:38 [main] [LogUtils] - Login success
[INFO] 29-07-2024 10:04:38 [main] [LogUtils] - Login success
[INFO] 29-07-2024 14:10:29 [main] [LogUtils] - Add new category
[INFO] 29-07-2024 14:10:29 [main] [LogUtils] - Add new category
[INFO] 29-07-2024 14:10:29 [main] [LogUtils] - Add new category
[INFO] 29-07-2024 14:10:29 [main] [LogUtils] - Add new category
[INFO] 29-07-2024 14:10:29 [main] [LogUtils] - Add new category
[INFO] 29-07-2024 14:10:29 [main] [LogUtils] - Add new category
[INFO] 29-07-2024 14:10:29 [main] [LogUtils] - Update the Category existing
[INFO] 29-07-2024 14:14:03 [main] [LogUtils] - Add new category
[INFO] 29-07-2024 14:14:03 [main] [LogUtils] - Add new category
[INFO] 29-07-2024 14:14:03 [main] [LogUtils] - Add new category
[INFO] 29-07-2024 14:14:03 [main] [LogUtils] - Add new category
[INFO] 29-07-2024 14:14:03 [main] [LogUtils] - Add new category
[INFO] 29-07-2024 14:14:03 [main] [LogUtils] - Add new category
[INFO] 29-07-2024 14:14:03 [main] [LogUtils] - Update the Category existing
[INFO] 29-07-2024 14:21:24 [main] [LogUtils] - Add new category
[INFO] 29-07-2024 14:21:24 [main] [LogUtils] - Add new category
[INFO] 29-07-2024 14:21:24 [main] [LogUtils] - Add new category
[INFO] 29-07-2024 14:21:24 [main] [LogUtils] - Add new category
[INFO] 29-07-2024 14:21:24 [main] [LogUtils] - Add new category
[INFO] 29-07-2024 14:21:24 [main] [LogUtils] - Add new category
[INFO] 29-07-2024 14:21:24 [main] [LogUtils] - Update the Category existing
[INFO] 29-07-2024 14:22:13 [main] [LogUtils] - Add new category
[INFO] 29-07-2024 14:22:16 [main] [LogUtils] - Driver in TestContext: ChromeDriver: chrome on windows (580f3bf267157f0c446eb91b382c779f)
[INFO] 29-07-2024 14:22:16 [main] [LogUtils] - Add new category
[INFO] 29-07-2024 14:22:16 [main] [LogUtils] - Add new category
[INFO] 29-07-2024 14:22:16 [main] [LogUtils] - Add new category
[INFO] 29-07-2024 14:22:16 [main] [LogUtils] - Add new category
[INFO] 29-07-2024 14:22:16 [main] [LogUtils] - Add new category
[INFO] 29-07-2024 14:22:16 [main] [LogUtils] - Update the Category existing
[INFO] 29-07-2024 14:23:29 [main] [LogUtils] - Add new category
[INFO] 29-07-2024 14:23:31 [main] [LogUtils] - Driver in TestContext: ChromeDriver: chrome on windows (a95b83820e7d97f8d7eb350284806f84)
[INFO] 29-07-2024 14:23:31 [main] [LogUtils] - Add new category
[INFO] 29-07-2024 14:23:31 [main] [LogUtils] - Add new category
[INFO] 29-07-2024 14:23:31 [main] [LogUtils] - Add new category
[INFO] 29-07-2024 14:23:31 [main] [LogUtils] - Add new category
[INFO] 29-07-2024 14:23:31 [main] [LogUtils] - Add new category
[INFO] 29-07-2024 14:23:31 [main] [LogUtils] - Update the Category existing
[INFO] 29-07-2024 14:25:41 [main] [LogUtils] - Add new category
[INFO] 29-07-2024 14:25:43 [main] [LogUtils] - Driver in TestContext: ChromeDriver: chrome on windows (314486eca52da3c04aa027ec5d835c61)
[INFO] 29-07-2024 14:25:44 [main] [LogUtils] - Add new category
[INFO] 29-07-2024 14:25:44 [main] [LogUtils] - Add new category
[INFO] 29-07-2024 14:25:44 [main] [LogUtils] - Add new category
[INFO] 29-07-2024 14:25:44 [main] [LogUtils] - Add new category
[INFO] 29-07-2024 14:25:44 [main] [LogUtils] - Add new category
[INFO] 29-07-2024 14:25:44 [main] [LogUtils] - Update the Category existing
[INFO] 29-07-2024 14:32:39 [main] [LogUtils] - Add new category
[INFO] 29-07-2024 14:32:41 [main] [LogUtils] - Driver in TestContext: ChromeDriver: chrome on windows (4606afbbba743998305e26f09370c63b)
[INFO] 29-07-2024 14:32:42 [main] [LogUtils] - Add new category
[INFO] 29-07-2024 14:32:42 [main] [LogUtils] - Add new category
[INFO] 29-07-2024 14:32:42 [main] [LogUtils] - Add new category
[INFO] 29-07-2024 14:32:42 [main] [LogUtils] - Add new category
[INFO] 29-07-2024 14:32:42 [main] [LogUtils] - Add new category
[INFO] 29-07-2024 14:32:42 [main] [LogUtils] - Update the Category existing
[INFO] 29-07-2024 14:36:24 [main] [LogUtils] - Add new category
[INFO] 29-07-2024 14:36:26 [main] [LogUtils] - Driver in TestContext: ChromeDriver: chrome on windows (0dff4a6a51c6468876b26b22102b9164)
[INFO] 29-07-2024 14:36:26 [main] [LogUtils] - Add new category
[INFO] 29-07-2024 14:36:26 [main] [LogUtils] - Add new category
[INFO] 29-07-2024 14:36:26 [main] [LogUtils] - Add new category
[INFO] 29-07-2024 14:36:27 [main] [LogUtils] - Add new category
[INFO] 29-07-2024 14:36:27 [main] [LogUtils] - Add new category
[INFO] 29-07-2024 14:36:27 [main] [LogUtils] - Update the Category existing
[INFO] 29-07-2024 14:37:08 [main] [LogUtils] - Add new category
[INFO] 29-07-2024 14:37:10 [main] [LogUtils] - Driver in TestContext: ChromeDriver: chrome on windows (993b72e1c9e7fb9fd87adae15d527c1f)
[INFO] 29-07-2024 14:37:10 [main] [LogUtils] - Add new category
[INFO] 29-07-2024 14:37:10 [main] [LogUtils] - Add new category
[INFO] 29-07-2024 14:37:10 [main] [LogUtils] - Add new category
[INFO] 29-07-2024 14:37:10 [main] [LogUtils] - Add new category
[INFO] 29-07-2024 14:37:10 [main] [LogUtils] - Add new category
[INFO] 29-07-2024 14:37:10 [main] [LogUtils] - Update the Category existing
[INFO] 29-07-2024 14:38:18 [main] [LogUtils] - Add new category
[INFO] 29-07-2024 14:38:20 [main] [LogUtils] - Driver in TestContext: ChromeDriver: chrome on windows (10c07444c3f4b372bc3c294026fae963)
[INFO] 29-07-2024 14:38:20 [main] [LogUtils] - Add new category
[INFO] 29-07-2024 14:38:20 [main] [LogUtils] - Add new category
[INFO] 29-07-2024 14:38:21 [main] [LogUtils] - Driver in TestContext: ChromeDriver: chrome on windows (cfde73d5427b33a4cba78ee0969a71b8)
[INFO] 29-07-2024 14:38:21 [main] [LogUtils] - Add new category
[INFO] 29-07-2024 14:38:21 [main] [LogUtils] - Add new category
[INFO] 29-07-2024 14:38:22 [main] [LogUtils] - Driver in TestContext: ChromeDriver: chrome on windows (43722372248a2aa5d925f2c314911419)
[INFO] 29-07-2024 14:38:22 [main] [LogUtils] - Add new category
[INFO] 29-07-2024 14:38:22 [main] [LogUtils] - Add new category
[INFO] 29-07-2024 14:38:22 [main] [LogUtils] - Driver in TestContext: ChromeDriver: chrome on windows (f69989bf8a3b0ec87f4a5f334d92ddbb)
[INFO] 29-07-2024 14:38:22 [main] [LogUtils] - Add new category
[INFO] 29-07-2024 14:38:23 [main] [LogUtils] - Add new category
[INFO] 29-07-2024 14:38:23 [main] [LogUtils] - Driver in TestContext: ChromeDriver: chrome on windows (3a97ce6d3091e77f30b98f172dda8815)
[INFO] 29-07-2024 14:38:23 [main] [LogUtils] - Add new category
[INFO] 29-07-2024 14:38:24 [main] [LogUtils] - Add new category
[INFO] 29-07-2024 14:38:24 [main] [LogUtils] - Driver in TestContext: ChromeDriver: chrome on windows (b0f4642d5985cd4a7ad756a85fedaf30)
[INFO] 29-07-2024 14:38:24 [main] [LogUtils] - Add new category
[INFO] 29-07-2024 14:38:24 [main] [LogUtils] - Update the Category existing
[INFO] 29-07-2024 14:38:25 [main] [LogUtils] - Driver in TestContext: ChromeDriver: chrome on windows (eaf4d068133249fc2a54134ed5752498)
[INFO] 29-07-2024 14:38:25 [main] [LogUtils] - Update the Category existing
[INFO] 29-07-2024 14:42:32 [main] [LogUtils] - Add new category
[INFO] 29-07-2024 14:42:34 [main] [LogUtils] - Driver in TestContext: ChromeDriver: chrome on windows (4f3190c11c849706f53472b21f676ebd)
[INFO] 29-07-2024 14:42:34 [main] [LogUtils] - Add new category
[INFO] 29-07-2024 14:42:34 [main] [LogUtils] - Add new category
[INFO] 29-07-2024 14:42:34 [main] [LogUtils] - Add new category
[INFO] 29-07-2024 14:42:34 [main] [LogUtils] - Add new category
[INFO] 29-07-2024 14:42:34 [main] [LogUtils] - Add new category
[INFO] 29-07-2024 14:42:34 [main] [LogUtils] - Update the Category existing
[INFO] 29-07-2024 14:44:34 [main] [LogUtils] - Add new category
[INFO] 29-07-2024 14:44:35 [main] [LogUtils] - Driver in TestContext: ChromeDriver: chrome on windows (a0f37d476934fc6cda198dd88698bba6)
[INFO] 29-07-2024 14:44:36 [main] [LogUtils] - Add new category
[INFO] 29-07-2024 14:44:36 [main] [LogUtils] - Add new category
[INFO] 29-07-2024 14:44:36 [main] [LogUtils] - Add new category
[INFO] 29-07-2024 14:44:36 [main] [LogUtils] - Add new category
[INFO] 29-07-2024 14:44:36 [main] [LogUtils] - Add new category
[INFO] 29-07-2024 14:44:36 [main] [LogUtils] - Update the Category existing
[INFO] 29-07-2024 14:47:54 [TestNG-PoolService-6] [LogUtils] - Add new category
[INFO] 29-07-2024 14:47:54 [TestNG-PoolService-1] [LogUtils] - Add new category
[INFO] 29-07-2024 14:47:54 [TestNG-PoolService-4] [LogUtils] - Add new category
[INFO] 29-07-2024 14:47:54 [TestNG-PoolService-7] [LogUtils] - Update the Category existing
[INFO] 29-07-2024 14:47:54 [TestNG-PoolService-5] [LogUtils] - Add new category
[INFO] 29-07-2024 14:47:54 [TestNG-PoolService-3] [LogUtils] - Add new category
[INFO] 29-07-2024 14:47:54 [TestNG-PoolService-2] [LogUtils] - Add new category
[INFO] 29-07-2024 14:47:58 [TestNG-PoolService-4] [LogUtils] - Driver in TestContext: ChromeDriver: chrome on windows (d23bc3365533c462f53a175a55732a0a)
[INFO] 29-07-2024 14:47:59 [TestNG-PoolService-3] [LogUtils] - Driver in TestContext: ChromeDriver: chrome on windows (dca70f2d7c06245e2d28e2e78d39991a)
[INFO] 29-07-2024 14:47:59 [TestNG-PoolService-6] [LogUtils] - Driver in TestContext: ChromeDriver: chrome on windows (7886239d57f8d034e7b570f32b44977c)
[INFO] 29-07-2024 14:47:59 [TestNG-PoolService-5] [LogUtils] - Driver in TestContext: ChromeDriver: chrome on windows (1efb1d250279d0f59e61959ef51b96a8)
[INFO] 29-07-2024 14:47:59 [TestNG-PoolService-1] [LogUtils] - Driver in TestContext: ChromeDriver: chrome on windows (b5e4b1bca7ab2d8fb8eb64bd51a95e84)
[INFO] 29-07-2024 14:47:59 [TestNG-PoolService-7] [LogUtils] - Driver in TestContext: ChromeDriver: chrome on windows (a8470b6ca585b742d2ab70330c78e9eb)
[INFO] 29-07-2024 14:55:31 [TestNG-PoolService-1] [LogUtils] - Add new category
[INFO] 29-07-2024 14:55:31 [TestNG-PoolService-2] [LogUtils] - Add new category
[INFO] 29-07-2024 14:55:31 [TestNG-PoolService-6] [LogUtils] - Add new category
[INFO] 29-07-2024 14:55:31 [TestNG-PoolService-5] [LogUtils] - Add new category
[INFO] 29-07-2024 14:55:31 [TestNG-PoolService-4] [LogUtils] - Add new category
[INFO] 29-07-2024 14:55:31 [TestNG-PoolService-7] [LogUtils] - Update the Category existing
[INFO] 29-07-2024 14:55:31 [TestNG-PoolService-3] [LogUtils] - Add new category
[INFO] 29-07-2024 14:55:35 [TestNG-PoolService-2] [LogUtils] - Driver in TestContext: ChromeDriver: chrome on windows (1572a7f480f15cbe7590215b0e316e58)
[INFO] 29-07-2024 14:55:35 [TestNG-PoolService-1] [LogUtils] - Driver in TestContext: ChromeDriver: chrome on windows (08531abc840310a3c2a27d11e41896a8)
[INFO] 29-07-2024 14:55:35 [TestNG-PoolService-4] [LogUtils] - Driver in TestContext: ChromeDriver: chrome on windows (e7f30c87c49d62222179c81353bc5bbf)
[INFO] 29-07-2024 14:55:35 [TestNG-PoolService-3] [LogUtils] - Driver in TestContext: ChromeDriver: chrome on windows (3b960f7d3f80df6dc4447665875bffff)
[INFO] 29-07-2024 14:55:35 [TestNG-PoolService-7] [LogUtils] - Driver in TestContext: ChromeDriver: chrome on windows (04518c5ecb2d0cb264715e3f8f076aba)
[INFO] 29-07-2024 14:55:35 [TestNG-PoolService-5] [LogUtils] - Driver in TestContext: ChromeDriver: chrome on windows (739cefd7a65d3a124faa59f28d68c9e1)
